<?xml version="1.0" encoding="UTF-8"?>
<testsuite name="com.greenfoxacademy.masterwork.TC03_Privacy" tests="1" skipped="0" failures="0" errors="0" timestamp="2021-08-05T14:16:38" hostname="DESKTOP-HS8VSGI" time="3.255">
  <properties/>
  <testcase name="#TC03_PRIVACY" classname="com.greenfoxacademy.masterwork.TC03_Privacy" time="3.255"/>
  <system-out><![CDATA[]]></system-out>
  <system-err><![CDATA[[Test worker] INFO io.github.bonigarcia.wdm.WebDriverManager - Using geckodriver 0.29.0 (resolved driver for Firefox 90)
[Test worker] INFO io.github.bonigarcia.wdm.WebDriverManager - Exporting webdriver.gecko.driver as C:\Users\DÃ³ry\.cache\selenium\geckodriver\win64\0.29.0\geckodriver.exe
1628172995086	geckodriver	INFO	Listening on 127.0.0.1:6374
1628172995582	mozrunner::runner	INFO	Running command: "C:\\Program Files\\Mozilla Firefox\\firefox.exe" "--marionette" "-foreground" "-no-remote" "-profile" "C:\\Users\\DRY~1\\AppData\\Local\\Temp\\rust_mozprofileBRrVCL"
1628172995883	Marionette	INFO	Marionette enabled
console.warn: SearchSettings: "get: No settings file exists, new profile?" (new NotFoundError("Could not open the file at C:\\Users\\D\xF3ry\\AppData\\Local\\Temp\\rust_mozprofileBRrVCL\\search.json.mozlz4", (void 0)))
1628172997896	Marionette	INFO	Listening on port 63637
1628172998258	Marionette	WARN	TLS certificate errors will be ignored for this session
aug. 05, 2021 4:16:38 DU. org.openqa.selenium.remote.ProtocolHandshake createSession
INFO: Detected dialect: W3C
[Test worker] INFO com.greenfoxacademy.masterwork.TC03_Privacy - Opening page...
[Test worker] INFO com.greenfoxacademy.masterwork.TC03_Privacy - Page successfully opened.
[Test worker] INFO com.greenfoxacademy.masterwork.TC03_Privacy - Navigating to register page.
[Test worker] INFO com.greenfoxacademy.masterwork.TC03_Privacy - Opening Privacy Statement link.
[Test worker] INFO com.greenfoxacademy.masterwork.TC03_Privacy - Checking if link points toward another site.
[Test worker] INFO com.greenfoxacademy.masterwork.TC03_Privacy - Register page left successfully.
[Test worker] INFO com.greenfoxacademy.masterwork.TC03_Privacy - Navigating back to register page.
[Test worker] INFO com.greenfoxacademy.masterwork.TC03_Privacy - Register page loaded.
[Test worker] INFO com.greenfoxacademy.masterwork.TC03_Privacy - Checking privacy statement checkbox.
[Test worker] INFO com.greenfoxacademy.masterwork.TC03_Privacy - Verifying if checkbox is checked.
[Test worker] INFO com.greenfoxacademy.masterwork.TC03_Privacy - Privacy statements accepted.
1628173001786	Marionette	INFO	Stopped listening on port 63637

###!!! [Child][RunMessage] Error: Channel closing: too late to send/recv, messages will be lost

]]></system-err>
</testsuite>
