<?xml version="1.0" encoding="UTF-8"?>
<testsuite name="com.greenfoxacademy.masterwork.TC02_Registration_Success" tests="1" skipped="0" failures="0" errors="0" timestamp="2021-08-05T14:16:29" hostname="DESKTOP-HS8VSGI" time="4.515">
  <properties/>
  <testcase name="#TC02_REGISTRATION_02" classname="com.greenfoxacademy.masterwork.TC02_Registration_Success" time="4.515"/>
  <system-out><![CDATA[]]></system-out>
  <system-err><![CDATA[[Test worker] INFO io.github.bonigarcia.wdm.WebDriverManager - Using geckodriver 0.29.0 (resolved driver for Firefox 90)
[Test worker] INFO io.github.bonigarcia.wdm.WebDriverManager - Exporting webdriver.gecko.driver as C:\Users\DÃ³ry\.cache\selenium\geckodriver\win64\0.29.0\geckodriver.exe
1628172986406	geckodriver	INFO	Listening on 127.0.0.1:42007
1628172986894	mozrunner::runner	INFO	Running command: "C:\\Program Files\\Mozilla Firefox\\firefox.exe" "--marionette" "-foreground" "-no-remote" "-profile" "C:\\Users\\DRY~1\\AppData\\Local\\Temp\\rust_mozprofileeGtckK"
1628172987229	Marionette	INFO	Marionette enabled
console.warn: SearchSettings: "get: No settings file exists, new profile?" (new NotFoundError("Could not open the file at C:\\Users\\D\xF3ry\\AppData\\Local\\Temp\\rust_mozprofileeGtckK\\search.json.mozlz4", (void 0)))
1628172989388	Marionette	INFO	Listening on port 63573
1628172989563	Marionette	WARN	TLS certificate errors will be ignored for this session
aug. 05, 2021 4:16:29 DU. org.openqa.selenium.remote.ProtocolHandshake createSession
INFO: Detected dialect: W3C
[Test worker] INFO com.greenfoxacademy.masterwork.TC02_Registration_Success - Opening page...
[Test worker] INFO com.greenfoxacademy.masterwork.TC02_Registration_Success - Page successfully opened.
[Test worker] INFO com.greenfoxacademy.masterwork.TC02_Registration_Success - Navigating to register page.
[Test worker] INFO com.greenfoxacademy.masterwork.TC02_Registration_Success - Attempting registration with given data.
[Test worker] INFO com.greenfoxacademy.masterwork.TC02_Registration_Success - Checking if user got redirected to user page.
[Test worker] INFO com.greenfoxacademy.masterwork.TC02_Registration_Success - Checking if users name is displayed correctly.
[Test worker] INFO com.greenfoxacademy.masterwork.TC02_Registration_Success - Registration attempt successful.
1628172994352	Marionette	INFO	Stopped listening on port 63573

###!!! [Child][RunMessage] Error: Channel closing: too late to send/recv, messages will be lost

]]></system-err>
</testsuite>
