<?xml version="1.0" encoding="UTF-8"?>
<testsuite name="com.greenfoxacademy.masterwork.TC15_Logout" tests="1" skipped="0" failures="0" errors="0" timestamp="2021-08-04T00:46:42" hostname="DESKTOP-HS8VSGI" time="3.564">
  <properties/>
  <testcase name="#TC15_LOGOUT - Successful logout" classname="com.greenfoxacademy.masterwork.TC15_Logout" time="3.564"/>
  <system-out><![CDATA[]]></system-out>
  <system-err><![CDATA[[Test worker] INFO io.github.bonigarcia.wdm.WebDriverManager - Using chromedriver 92.0.4515.107 (resolved driver for Chrome 92)
[Test worker] INFO io.github.bonigarcia.wdm.WebDriverManager - Exporting webdriver.chrome.driver as C:\Users\DÃ³ry\.cache\selenium\chromedriver\win32\92.0.4515.107\chromedriver.exe
Starting ChromeDriver 92.0.4515.107 (87a818b10553a07434ea9e2b6dccf3cbe7895134-refs/branch-heads/4515@{#1634}) on port 47893
Only local connections are allowed.
Please see https://chromedriver.chromium.org/security-considerations for suggestions on keeping ChromeDriver safe.
ChromeDriver was started successfully.
aug. 04, 2021 2:46:42 DE. org.openqa.selenium.remote.ProtocolHandshake createSession
INFO: Detected dialect: W3C
[Test worker] INFO com.greenfoxacademy.masterwork.TC05_Login_Success - Opening page...
[Test worker] INFO com.greenfoxacademy.masterwork.TC05_Login_Success - Page successfully opened.
[Test worker] INFO com.greenfoxacademy.masterwork.TC05_Login_Success - Navigating to login page.
[Test worker] INFO com.greenfoxacademy.masterwork.TC05_Login_Success - Logging in with given data.
[Test worker] INFO com.greenfoxacademy.masterwork.TC05_Login_Success - Navigating to logout page.
[Test worker] INFO com.greenfoxacademy.masterwork.TC05_Login_Success - Checking if log out link is displayed with correct text.
[Test worker] INFO com.greenfoxacademy.masterwork.TC05_Login_Success - Attempting logout
[Test worker] INFO com.greenfoxacademy.masterwork.TC05_Login_Success - Logout attempt successful.
]]></system-err>
</testsuite>
