<?xml version="1.0" encoding="UTF-8"?>
<testsuite name="com.greenfoxacademy.masterwork.TC12_Data_Modification" tests="1" skipped="0" failures="0" errors="0" timestamp="2021-08-03T23:51:49" hostname="DESKTOP-HS8VSGI" time="5.816">
  <properties/>
  <testcase name="#TC12_DATA_MODIFICATION - Modifying existing profile description" classname="com.greenfoxacademy.masterwork.TC12_Data_Modification" time="5.816"/>
  <system-out><![CDATA[]]></system-out>
  <system-err><![CDATA[[Test worker] INFO io.github.bonigarcia.wdm.WebDriverManager - Using chromedriver 92.0.4515.107 (resolved driver for Chrome 92)
[Test worker] INFO io.github.bonigarcia.wdm.WebDriverManager - Exporting webdriver.chrome.driver as C:\Users\DÃ³ry\.cache\selenium\chromedriver\win32\92.0.4515.107\chromedriver.exe
Starting ChromeDriver 92.0.4515.107 (87a818b10553a07434ea9e2b6dccf3cbe7895134-refs/branch-heads/4515@{#1634}) on port 48046
Only local connections are allowed.
Please see https://chromedriver.chromium.org/security-considerations for suggestions on keeping ChromeDriver safe.
ChromeDriver was started successfully.
aug. 04, 2021 1:51:49 DE. org.openqa.selenium.remote.ProtocolHandshake createSession
INFO: Detected dialect: W3C
[Test worker] INFO com.greenfoxacademy.masterwork.TC08_Data_Input - Opening page...
[Test worker] INFO com.greenfoxacademy.masterwork.TC08_Data_Input - Page successfully opened.
[Test worker] INFO com.greenfoxacademy.masterwork.TC08_Data_Input - Navigating to login page.
[Test worker] INFO com.greenfoxacademy.masterwork.TC08_Data_Input - Logging in with given data.
[Test worker] INFO com.greenfoxacademy.masterwork.TC08_Data_Input - Navigating to account page.
[Test worker] INFO com.greenfoxacademy.masterwork.TC08_Data_Input - Verifying if correct pade loaded.
[Test worker] INFO com.greenfoxacademy.masterwork.TC08_Data_Input - Navigating to user page
[Test worker] INFO com.greenfoxacademy.masterwork.TC08_Data_Input - Verifying if correct pade loaded.
[Test worker] INFO com.greenfoxacademy.masterwork.TC08_Data_Input - Opening profile edit option.
[Test worker] INFO com.greenfoxacademy.masterwork.TC08_Data_Input - Modifying profile description.
[Test worker] INFO com.greenfoxacademy.masterwork.TC08_Data_Input - Checking if user description matches input data.
[Test worker] INFO com.greenfoxacademy.masterwork.TC08_Data_Input - Profile description was successfully modified.
]]></system-err>
</testsuite>
