<?xml version="1.0" encoding="UTF-8"?>
<testsuite name="com.greenfoxacademy.masterwork.TC02_Registration_Success" tests="1" skipped="0" failures="0" errors="0" timestamp="2021-08-02T20:47:47" hostname="DESKTOP-HS8VSGI" time="3.193">
  <properties/>
  <testcase name="#TC02_REGISTRATION_02 - Successful registration" classname="com.greenfoxacademy.masterwork.TC02_Registration_Success" time="3.193"/>
  <system-out><![CDATA[]]></system-out>
  <system-err><![CDATA[[Test worker] INFO io.github.bonigarcia.wdm.WebDriverManager - Using chromedriver 92.0.4515.107 (resolved driver for Chrome 92)
[Test worker] INFO io.github.bonigarcia.wdm.WebDriverManager - Exporting webdriver.chrome.driver as C:\Users\DÃ³ry\.cache\selenium\chromedriver\win32\92.0.4515.107\chromedriver.exe
Starting ChromeDriver 92.0.4515.107 (87a818b10553a07434ea9e2b6dccf3cbe7895134-refs/branch-heads/4515@{#1634}) on port 43149
Only local connections are allowed.
Please see https://chromedriver.chromium.org/security-considerations for suggestions on keeping ChromeDriver safe.
ChromeDriver was started successfully.
aug. 02, 2021 10:47:47 DU. org.openqa.selenium.remote.ProtocolHandshake createSession
INFO: Detected dialect: W3C
[Test worker] INFO com.greenfoxacademy.masterwork.TC01_Registration_Fail - Opening page...
[Test worker] INFO com.greenfoxacademy.masterwork.TC01_Registration_Fail - Page successfully opened.
[Test worker] INFO com.greenfoxacademy.masterwork.TC01_Registration_Fail - Navigating to register page.
[Test worker] INFO com.greenfoxacademy.masterwork.TC01_Registration_Fail - Attempting registration with given data.
[Test worker] INFO com.greenfoxacademy.masterwork.TC01_Registration_Fail - Registration attempt successful.
]]></system-err>
</testsuite>
